[2026/05/07 19:01:34 INFO]:           __             _       
[2026/05/07 19:01:34 INFO]:   _ __   / /  ___   __ _(_)_ __  
[2026/05/07 19:01:34 INFO]:  | '_ \ / /  / _ \ / _` | | '_ \ 
[2026/05/07 19:01:34 INFO]:  | | | / /__| (_) | (_| | | | | |
[2026/05/07 19:01:34 INFO]:  |_| |_\____/\___/ \__, |_|_| |_|
[2026/05/07 19:01:34 INFO]:                   |___/            
[2026/05/07 19:01:34 INFO]:  By: www.nickuc.com - V 2.0.16
[2026/05/07 19:01:34 INFO]:  
[2026/05/07 19:01:34 DEBUG]: The config.yml file was created successfully.
[2026/05/07 19:01:35 DEBUG]: Loading the messages_es.yml message file...
[2026/05/07 19:01:35 DEBUG]: Messages were loaded in 88 ms (single file).
[2026/05/07 19:01:35 WARN]: The "unsupported-settings.perform-username-validation" option is enabled in config/paper-global.yml
[2026/05/07 19:01:35 WARN]: The username-appender feature may fail with an invalid nickname kick message.
[2026/05/07 19:01:35 DEBUG]: Settings were loaded in 210 ms.
[2026/05/07 19:01:35 DEBUG]: Loading database...
[2026/05/07 19:01:35 INFO]: Generating RSA keypair... (this may take a while)
[2026/05/07 19:01:37 INFO]: The RSA key pair was successfully generated. Took 1.97s
[2026/05/07 19:01:37 DEBUG]: Starting logger filter...
[2026/05/07 19:01:53 INFO]: 
[2026/05/07 19:01:53 INFO]:  Thank you so much for choosing nLogin! :)
[2026/05/07 19:01:53 INFO]: 
[2026/05/07 19:01:53 INFO]:  For your safety, please read the message below:
[2026/05/07 19:01:53 INFO]:   Never download nLogin from unknown sources.
[2026/05/07 19:01:53 INFO]:   A modified version may contain malicious software.
[2026/05/07 19:01:53 INFO]: 
[2026/05/07 19:01:53 INFO]:  Trusted sources:
[2026/05/07 19:01:53 INFO]:   Website: nickuc.com
[2026/05/07 19:01:53 INFO]:   GitHub: github.com/nickuc-com
[2026/05/07 19:01:53 INFO]:   OpeNLogin installer (from Spigot or GitHub)
[2026/05/07 19:01:53 INFO]: 
[2026/05/07 19:01:53 INFO]:  Official support:
[2026/05/07 19:01:53 INFO]:   Documentation: docs.nickuc.com/nlogin/
[2026/05/07 19:01:53 INFO]:   Discord: nickuc.com/discord
[2026/05/07 19:01:53 INFO]:   Email: support@nickuc.com
[2026/05/07 19:01:53 INFO]: 
[2026/05/07 19:01:59 DEBUG]: Loading the messages_es.yml message file...
[2026/05/07 19:02:52 DEBUG]: Loading the messages_es.yml message file...
[2026/05/07 19:02:52 DEBUG]: Messages were loaded in 15 ms (single file).
[2026/05/07 19:02:52 WARN]: The "unsupported-settings.perform-username-validation" option is enabled in config/paper-global.yml
[2026/05/07 19:02:52 WARN]: The username-appender feature may fail with an invalid nickname kick message.
[2026/05/07 19:02:52 DEBUG]: Settings were loaded in 30 ms.
[2026/05/07 19:03:01 DEBUG]: [SQLite] [UPDATE]: "INSERT INTO `nlogin` (`last_name`, `unique_id`, `mojang_id`, `bedrock_id`, `password`, `last_ip`, `creation_date`, `last_seen`, `email`, `discord`, `settings`) VALUES ('AL5PT', 3678aaa4193c3005aadb5e617b75fe27, null, null, '$argon2id$v=19$m=32768,t=5,p=1$igIhNTb3zjZU812apoA3Zw$sNqA/nRtVbrNzCdLKamgaj15qXdvLd30u3VaoFkJ5Tw', '127.28.237.50', '2026-05-07 19:03:01.366', '2026-05-07 19:03:01.366', null, null, '{"settings":[{"value":true,"key":"force-invalid-session"}],"version":0}')" (applied to all columns)
[2026/05/07 19:03:01 INFO]: The user AL5PT has successfully registered.
[2026/05/07 19:03:09 DEBUG]: [SQLite] [UPDATE]: "INSERT INTO `nlogin` (`last_name`, `unique_id`, `mojang_id`, `bedrock_id`, `password`, `last_ip`, `creation_date`, `last_seen`, `email`, `discord`, `settings`) VALUES ('LApatata_culona', 665f86e684933529b101c958a7062665, null, null, '$argon2id$v=19$m=32768,t=5,p=1$c9vbG0flTtfPShaw4pDykA$rtOb1/gvudfRNOmHhLMvv+MuGLT1khkSlV6j+T5/DeE', '127.160.130.120', '2026-05-07 19:03:09.521', '2026-05-07 19:03:09.521', null, null, '{"settings":[{"value":true,"key":"force-invalid-session"}],"version":0}')" (applied to all columns)
[2026/05/07 19:03:09 INFO]: The user LApatata_culona has successfully registered.
[2026/05/07 19:09:42 INFO]: Successful plugin core shutdown (took 0.00s)
